Unity Editor version:    6000.3.18f1 (5ebeb53e4c07)
Branch:                  6000.3/staging
Build type:              Release
Batch mode:              YES
System name:             Linux
Distro version:          #35~24.04.1-Ubuntu SMP PREEMPT_DYNAMIC Tue May 26 19:30:42 UTC 2
Kernel version:          6.17.0-35-generic
Architecture:            x86_64
Window Protocol:         Wayland (XWayland)
Available memory:        31897 MB
Date:                    2026-07-06T16:15:25Z
[Licensing::Module] Trying to connect to existing licensing client channel...
[Licensing::IpcConnector] Successfully connected to: "LicenseClient-jim" at "2026-07-06T16:15:25.456941Z"
[SignatureVerifier] Application signature verification not supported on this platform.
[Licensing::Client] Error: HandshakeResponse reported an error:
	ResponseCode: 505
	ResponseStatus: Unsupported protocol version '1.18.1'.
[Licensing::Module] Error: Failed to handshake to channel: "LicenseClient-jim"
[Licensing::IpcConnector] LicenseClient-jim channel disconnected successfully.
[Licensing::IpcConnector] Successfully connected to: "LicenseClient-jim-6000.3.18" at "2026-07-06T16:15:25.458417Z"
[SignatureVerifier] Application signature verification not supported on this platform.
[Licensing::Client] Handshaking with LicensingClient:
  Version:                 1.18.1+9fbee8e
  Session Id:              cfdf6c9ccf4c48a0ad9ed69fe2027de2
  Correlation Id:          4dd06b4c5f16ce201f413f3fc4f03de7
  External correlation Id: 1204762169837110431
  Machine Id:              b2Qqqavex1pndUDVOTNyTzO378g=
[Licensing::Module] Successfully connected to LicensingClient on channel: "LicenseClient-jim-6000.3.18" (connect: 0.00s, validation: 0.00s, handshake: 0.00s)
[Licensing::IpcConnector] Successfully connected to: "LicenseClient-jim-6000.3.18-notifications" at "2026-07-06T16:15:25.459335Z"
[Licensing::Module] Licensing Background thread has ended after 0.00s
Selected window backend: (null) 
Desktop is 2279 x 954 @ 60 Hz
Initialize udev device monitor.

COMMAND LINE ARGUMENTS:
Unity
-adb2
-batchMode
-noUpm
-name
AssetImportWorker9
-projectPath
/home/jim/Documents/Unity Local Projects/new-gnomes
-logFile
Logs/AssetImportWorker9.log
-srvPort
46383
-job-worker-count
13
-background-job-worker-count
8
-gc-helper-count
1
Successfully changed project path to: /home/jim/Documents/Unity Local Projects/new-gnomes
/home/jim/Documents/Unity Local Projects/new-gnomes
[UnityMemory] Configuration Parameters - Can be set up in boot.config
    "memorysetup-allocator-temp-initial-block-size-main=262144"
    "memorysetup-allocator-temp-initial-block-size-worker=262144"
    "memorysetup-temp-allocator-size-background-worker=32768"
    "memorysetup-temp-allocator-size-job-worker=262144"
    "memorysetup-temp-allocator-size-preload-manager=33554432"
    "memorysetup-temp-allocator-size-nav-mesh-worker=65536"
    "memorysetup-temp-allocator-size-audio-worker=65536"
    "memorysetup-temp-allocator-size-cloud-worker=32768"
    "memorysetup-temp-allocator-size-gi-baking-worker=262144"
    "memorysetup-temp-allocator-size-gi-baking-worker=262144"
    "memorysetup-temp-allocator-size-gi-baking-worker=262144"
    "memorysetup-temp-allocator-size-gi-baking-worker=262144"
    "memorysetup-temp-allocator-size-gi-baking-worker=262144"
    "memorysetup-bucket-allocator-granularity=16"
    "memorysetup-bucket-allocator-bucket-count=8"
    "memorysetup-bucket-allocator-block-size=33554432"
    "memorysetup-bucket-allocator-block-count=8"
    "memorysetup-main-allocator-block-size=16777216"
    "memorysetup-thread-allocator-block-size=16777216"
    "memorysetup-gfx-main-allocator-block-size=16777216"
    "memorysetup-gfx-thread-allocator-block-size=16777216"
    "memorysetup-cache-allocator-block-size=4194304"
    "memorysetup-typetree-allocator-block-size=2097152"
    "memorysetup-profiler-bucket-allocator-granularity=16"
    "memorysetup-profiler-bucket-allocator-bucket-count=8"
    "memorysetup-profiler-bucket-allocator-block-size=33554432"
    "memorysetup-profiler-bucket-allocator-block-count=8"
    "memorysetup-profiler-allocator-block-size=16777216"
    "memorysetup-profiler-editor-allocator-block-size=1048576"
    "memorysetup-temp-allocator-size-main=16777216"
    "memorysetup-job-temp-allocator-block-size=2097152"
    "memorysetup-job-temp-allocator-block-size-background=1048576"
    "memorysetup-job-temp-allocator-reduction-small-platforms=262144"
    "memorysetup-temp-allocator-size-gfx=262144"
Player connection [140468935138112]  Target information:

Player connection [140468935138112]  * "[IP] 192.168.1.10 [Port] 0 [Flags] 2 [Guid] 1493324724 [EditorId] 1493324724 [Version] 1048832 [Id] LinuxEditor(16,192.168.1.10) [Debug] 1 [PackageName] LinuxEditor [ProjectName] Editor" 

Player connection [140468935138112]  * "[IP] 100.114.119.118 [Port] 0 [Flags] 2 [Guid] 1493324724 [EditorId] 1493324724 [Version] 1048832 [Id] LinuxEditor(16,192.168.1.10) [Debug] 1 [PackageName] LinuxEditor [ProjectName] Editor" 

Player connection [140468935138112]  * "[IP] 172.17.0.1 [Port] 0 [Flags] 2 [Guid] 1493324724 [EditorId] 1493324724 [Version] 1048832 [Id] LinuxEditor(16,192.168.1.10) [Debug] 1 [PackageName] LinuxEditor [ProjectName] Editor" 

Player connection [140468935138112] Host joined multi-casting on [225.0.0.222:54997]...
Player connection [140468935138112] Host joined alternative multi-casting on [225.0.0.222:34997]...
JobSystem: Creating JobQueue using job-worker-count value 13
Input System module state changed to: Initialized.
[Physics::Module] Initialized fallback backend.
[Physics::Module] Id: 0xdecafbad
Library Redirect Path: Library/
[Physics::Module] Selected backend.
[Physics::Module] Name: PhysX
[Physics::Module] Id: 0xf2b8ea05
[Physics::Module] SDK Version: 4.1.2
[Physics::Module] Integration Version: 1.0.0
[Physics::Module] Threading Mode: Multi-Threaded
Refreshing native plugins compatible for Editor in 1.20 ms, found 0 plugins.
Preloading 0 native plugins for Editor in 0.00 ms.
Initialize engine version: 6000.3.18f1 (5ebeb53e4c07)
[Subsystems] Discovering subsystems at path /home/jim/Unity/Hub/Editor/6000.3.18f1/Editor/Data/Resources/UnitySubsystems
[Subsystems] Discovering subsystems at path /home/jim/Documents/Unity Local Projects/new-gnomes/Assets
kGfxThreadingModeNonThreaded is not supported on OpenGL Core. Reverting to kGfxThreadingModeDirect instead.
GfxDevice: creating device client; kGfxThreadingModeDirect
GLX Extensions: GLX_ARB_get_proc_address GLX_ARB_multisample GLX_EXT_visual_info GLX_EXT_visual_rating GLX_SGIX_fbconfig GLX_SGIX_pbuffer GLX_SGI_swap_control GLX_EXT_swap_control GLX_EXT_buffer_age GLX_ARB_create_context GLX_ARB_create_context_profile GLX_ARB_fbconfig_float GLX_EXT_fbconfig_packed_float GLX_EXT_framebuffer_sRGB GLX_NV_copy_image GLX_NV_copy_buffer GLX_EXT_create_context_es_profile GLX_EXT_create_context_es2_profile GLX_ARB_create_context_no_error GLX_ARB_create_context_robustness GLX_ARB_context_flush_control 
Renderer: NVIDIA GeForce RTX 4060 Ti/PCIe/SSE2
Vendor:   NVIDIA Corporation
Version:  4.5.0 NVIDIA 580.159.03
GLES:     0
 GL_AMD_multi_draw_indirect GL_AMD_seamless_cubemap_per_texture GL_AMD_vertex_shader_viewport_index GL_AMD_vertex_shader_layer GL_ARB_arrays_of_arrays GL_ARB_base_instance GL_ARB_bindless_texture GL_ARB_blend_func_extended GL_ARB_buffer_storage GL_ARB_clear_buffer_object GL_ARB_clear_texture GL_ARB_clip_control GL_ARB_color_buffer_float GL_ARB_compressed_texture_pixel_storage GL_ARB_conservative_depth GL_ARB_compute_shader GL_ARB_compute_variable_group_size GL_ARB_conditional_render_inverted GL_ARB_copy_buffer GL_ARB_copy_image GL_ARB_cull_distance GL_ARB_debug_output GL_ARB_depth_buffer_float GL_ARB_depth_clamp GL_ARB_depth_texture GL_ARB_derivative_control GL_ARB_direct_state_access GL_ARB_draw_buffers GL_ARB_draw_buffers_blend GL_ARB_draw_indirect GL_ARB_draw_elements_base_vertex GL_ARB_draw_instanced GL_ARB_enhanced_layouts GL_ARB_ES2_compatibility GL_ARB_ES3_compatibility GL_ARB_ES3_1_compatibility GL_ARB_ES3_2_compatibility GL_ARB_explicit_attrib_location GL_ARB_explicit_uniform_location GL_ARB_fragmen
t_coord_conventions GL_ARB_fragment_layer_viewport GL_ARB_fragment_program GL_ARB_fragment_program_shadow GL_ARB_fragment_shader GL_ARB_fragment_shader_interlock GL_ARB_framebuffer_no_attachments GL_ARB_framebuffer_object GL_ARB_framebuffer_sRGB GL_ARB_geometry_shader4 GL_ARB_get_program_binary GL_ARB_get_texture_sub_image GL_ARB_gl_spirv GL_ARB_gpu_shader5 GL_ARB_gpu_shader_fp64 GL_ARB_gpu_shader_int64 GL_ARB_half_float_pixel GL_ARB_half_float_vertex GL_ARB_imaging GL_ARB_indirect_parameters GL_ARB_instanced_arrays GL_ARB_internalformat_query GL_ARB_internalformat_query2 GL_ARB_invalidate_subdata GL_ARB_map_buffer_alignment GL_ARB_map_buffer_range GL_ARB_multi_bind GL_ARB_multi_draw_indirect GL_ARB_multisample GL_ARB_multitexture GL_ARB_occlusion_query GL_ARB_occlusion_query2 GL_ARB_parallel_shader_compile GL_ARB_pipeline_statistics_query GL_ARB_pixel_buffer_object GL_ARB_point_parameters GL_ARB_point_sprite GL_ARB_polygon_offset_clamp GL_ARB_post_depth_coverage GL_ARB_program_interface_query GL_ARB_provoki
ng_vertex GL_ARB_query_buffer_object GL_ARB_robust_buffer_access_behavior GL_ARB_robustness GL_ARB_sample_locations GL_ARB_sample_shading GL_ARB_sampler_objects GL_ARB_seamless_cube_map GL_ARB_seamless_cubemap_per_texture GL_ARB_separate_shader_objects GL_ARB_shader_atomic_counter_ops GL_ARB_shader_atomic_counters GL_ARB_shader_ballot GL_ARB_shader_bit_encoding GL_ARB_shader_clock GL_ARB_shader_draw_parameters GL_ARB_shader_group_vote GL_ARB_shader_image_load_store GL_ARB_shader_image_size GL_ARB_shader_objects GL_ARB_shader_precision GL_ARB_shader_storage_buffer_object GL_ARB_shader_subroutine GL_ARB_shader_texture_image_samples GL_ARB_shader_texture_lod GL_ARB_shading_language_100 GL_ARB_shader_viewport_layer_array GL_ARB_shading_language_420pack GL_ARB_shading_language_include GL_ARB_shading_language_packing GL_ARB_shadow GL_ARB_sparse_buffer GL_ARB_sparse_texture GL_ARB_sparse_texture2 GL_ARB_sparse_texture_clamp GL_ARB_spirv_extensions GL_ARB_stencil_texturing GL_ARB_sync GL_ARB_tessellation_shader GL_A
RB_texture_barrier GL_ARB_texture_border_clamp GL_ARB_texture_buffer_object GL_ARB_texture_buffer_object_rgb32 GL_ARB_texture_buffer_range GL_ARB_texture_compression GL_ARB_texture_compression_bptc GL_ARB_texture_compression_rgtc GL_ARB_texture_cube_map GL_ARB_texture_cube_map_array GL_ARB_texture_env_add GL_ARB_texture_env_combine GL_ARB_texture_env_crossbar GL_ARB_texture_env_dot3 GL_ARB_texture_filter_anisotropic GL_ARB_texture_filter_minmax GL_ARB_texture_float GL_ARB_texture_gather GL_ARB_texture_mirror_clamp_to_edge GL_ARB_texture_mirrored_repeat GL_ARB_texture_multisample GL_ARB_texture_non_power_of_two GL_ARB_texture_query_levels GL_ARB_texture_query_lod GL_ARB_texture_rectangle GL_ARB_texture_rg GL_ARB_texture_rgb10_a2ui GL_ARB_texture_stencil8 GL_ARB_texture_storage GL_ARB_texture_storage_multisample GL_ARB_texture_swizzle GL_ARB_texture_view GL_ARB_timer_query GL_ARB_transform_feedback2 GL_ARB_transform_feedback3 GL_ARB_transform_feedback_instanced GL_ARB_transform_feedback_overflow_query GL_ARB_t
ranspose_matrix GL_ARB_uniform_buffer_object GL_ARB_vertex_array_bgra GL_ARB_vertex_array_object GL_ARB_vertex_attrib_64bit GL_ARB_vertex_attrib_binding GL_ARB_vertex_buffer_object GL_ARB_vertex_program GL_ARB_vertex_shader GL_ARB_vertex_type_10f_11f_11f_rev GL_ARB_vertex_type_2_10_10_10_rev GL_ARB_viewport_array GL_ARB_window_pos GL_ATI_draw_buffers GL_ATI_texture_float GL_ATI_texture_mirror_once GL_S3_s3tc GL_EXT_texture_env_add GL_EXT_abgr GL_EXT_bgra GL_EXT_bindable_uniform GL_EXT_blend_color GL_EXT_blend_equation_separate GL_EXT_blend_func_separate GL_EXT_blend_minmax GL_EXT_blend_subtract GL_EXT_compiled_vertex_array GL_EXT_Cg_shader GL_EXT_depth_bounds_test GL_EXT_direct_state_access GL_EXT_draw_buffers2 GL_EXT_draw_instanced GL_EXT_draw_range_elements GL_EXT_fog_coord GL_EXT_framebuffer_blit GL_EXT_framebuffer_multisample GL_EXTX_framebuffer_mixed_formats GL_EXT_framebuffer_multisample_blit_scaled GL_EXT_framebuffer_object GL_EXT_framebuffer_sRGB GL_EXT_geometry_shader4 GL_EXT_gpu_program_parameters 
GL_EXT_gpu_shader4 GL_EXT_multi_draw_arrays GL_EXT_multiview_texture_multisample GL_EXT_multiview_timer_query GL_EXT_packed_depth_stencil GL_EXT_packed_float GL_EXT_packed_pixels GL_EXT_pixel_buffer_object GL_EXT_point_parameters GL_EXT_polygon_offset_clamp GL_EXT_post_depth_coverage GL_EXT_provoking_vertex GL_EXT_raster_multisample GL_EXT_rescale_normal GL_EXT_secondary_color GL_EXT_separate_shader_objects GL_EXT_separate_specular_color GL_EXT_shader_image_load_formatted GL_EXT_shader_image_load_store GL_EXT_shader_integer_mix GL_EXT_shadow_funcs GL_EXT_sparse_texture2 GL_EXT_stencil_two_side GL_EXT_stencil_wrap GL_EXT_texture3D GL_EXT_texture_array GL_EXT_texture_buffer_object GL_EXT_texture_compression_dxt1 GL_EXT_texture_compression_latc GL_EXT_texture_compression_rgtc GL_EXT_texture_compression_s3tc GL_EXT_texture_cube_map GL_EXT_texture_edge_clamp GL_EXT_texture_env_combine GL_EXT_texture_env_dot3 GL_EXT_texture_filter_anisotropic GL_EXT_texture_filter_minmax GL_EXT_texture_integer GL_EXT_texture_lod G
L_EXT_texture_lod_bias GL_EXT_texture_mirror_clamp GL_EXT_texture_object GL_EXT_texture_shadow_lod GL_EXT_texture_shared_exponent GL_EXT_texture_sRGB GL_EXT_texture_sRGB_R8 GL_EXT_texture_sRGB_decode GL_EXT_texture_storage GL_EXT_texture_swizzle GL_EXT_timer_query GL_EXT_transform_feedback2 GL_EXT_vertex_array GL_EXT_vertex_array_bgra GL_EXT_vertex_attrib_64bit GL_EXT_window_rectangles GL_EXT_x11_sync_object GL_EXT_import_sync_object GL_NV_robustness_video_memory_purge GL_IBM_rasterpos_clip GL_IBM_texture_mirrored_repeat GL_KHR_context_flush_control GL_KHR_debug GL_EXT_memory_object GL_EXT_memory_object_fd GL_NV_memory_object_sparse GL_KHR_parallel_shader_compile GL_KHR_no_error GL_KHR_robust_buffer_access_behavior GL_KHR_robustness GL_EXT_semaphore GL_EXT_semaphore_fd GL_NV_timeline_semaphore GL_KHR_shader_subgroup GL_KTX_buffer_region GL_NV_alpha_to_coverage_dither_control GL_NV_bindless_multi_draw_indirect GL_NV_bindless_multi_draw_indirect_count GL_NV_bindless_texture GL_NV_blend_equation_advanced GL_NV_
blend_equation_advanced_coherent GL_NVX_blend_equation_advanced_multi_draw_buffers GL_NV_blend_minmax_factor GL_NV_blend_square GL_NV_clip_space_w_scaling GL_NV_command_list GL_NV_compute_program5 GL_NV_compute_shader_derivatives GL_NV_conditional_render GL_NV_conservative_raster GL_NV_conservative_raster_dilate GL_NV_conservative_raster_pre_snap GL_NV_conservative_raster_pre_snap_triangles GL_NV_conservative_raster_underestimation GL_NV_copy_depth_to_color GL_NV_copy_image GL_NV_depth_buffer_float GL_NV_depth_clamp GL_NV_draw_texture GL_NV_draw_vulkan_image GL_NV_ES1_1_compatibility GL_NV_ES3_1_compatibility GL_NV_explicit_multisample GL_NV_feature_query GL_NV_fence GL_NV_fill_rectangle GL_NV_float_buffer GL_NV_fog_distance GL_NV_fragment_coverage_to_color GL_NV_fragment_program GL_NV_fragment_program_option GL_NV_fragment_program2 GL_NV_fragment_shader_barycentric GL_NV_fragment_shader_interlock GL_NV_framebuffer_mixed_samples GL_NV_framebuffer_multisample_coverage GL_NV_geometry_shader4 GL_NV_geometry_sha
der_passthrough GL_NV_gpu_program4 GL_NV_internalformat_sample_query GL_NV_gpu_program4_1 GL_NV_gpu_program5 GL_NV_gpu_program5_mem_extended GL_NV_gpu_program_fp64 GL_NV_gpu_program_multiview GL_NV_gpu_shader5 GL_NV_half_float GL_NV_light_max_exponent GL_NV_memory_attachment GL_NV_mesh_shader GL_NV_multisample_coverage GL_NV_multisample_filter_hint GL_NV_occlusion_query GL_NV_packed_depth_stencil GL_NV_parameter_buffer_object GL_NV_parameter_buffer_object2 GL_NV_path_rendering GL_NV_path_rendering_shared_edge GL_NV_pixel_data_range GL_NV_point_sprite GL_NV_primitive_restart GL_NV_primitive_shading_rate GL_NV_query_resource GL_NV_query_resource_tag GL_NV_register_combiners GL_NV_register_combiners2 GL_NV_representative_fragment_test GL_NV_sample_locations GL_NV_sample_mask_override_coverage GL_NV_scissor_exclusive GL_NV_shader_atomic_counters GL_NV_shader_atomic_float GL_NV_shader_atomic_float64 GL_NV_shader_atomic_fp16_vector GL_NV_shader_atomic_int64 GL_NV_shader_buffer_load GL_NV_shader_storage_buffer_obje
ct GL_NV_shader_subgroup_partitioned GL_NV_shader_texture_footprint GL_NV_shading_rate_image GL_NV_stereo_view_rendering GL_NV_texgen_reflection GL_NV_texture_barrier GL_NV_texture_compression_vtc GL_NV_texture_dirty_tile_map GL_NV_texture_env_combine4 GL_NV_texture_multisample GL_NV_texture_rectangle GL_NV_texture_rectangle_compressed GL_NV_texture_shader GL_NV_texture_shader2 GL_NV_texture_shader3 GL_NV_transform_feedback GL_NV_transform_feedback2 GL_NV_uniform_buffer_unified_memory GL_NV_uniform_buffer_std430_layout GL_NV_vdpau_interop GL_NV_vdpau_interop2 GL_NV_vertex_array_range GL_NV_vertex_array_range2 GL_NV_vertex_attrib_integer_64bit GL_NV_vertex_buffer_unified_memory GL_NV_vertex_program GL_NV_vertex_program1_1 GL_NV_vertex_program2 GL_NV_vertex_program2_option GL_NV_vertex_program3 GL_NV_viewport_array2 GL_NV_viewport_swizzle GL_NVX_conditional_render GL_NV_gpu_multicast GL_NVX_progress_fence GL_NVX_gpu_memory_info GL_NVX_nvenc_interop GL_NV_shader_thread_group GL_NV_shader_thread_shuffle GL_KHR_b
lend_equation_advanced GL_KHR_blend_equation_advanced_coherent GL_OVR_multiview GL_OVR_multiview2 GL_SGIS_generate_mipmap GL_SGIS_texture_lod GL_SGIX_depth_texture GL_SGIX_shadow GL_SUN_slice_accum
OPENGL LOG: Creating OpenGL 4.5 graphics device ; Context level  <OpenGL 4.5> ; Context handle 1049297416
Initialize mono
Mono path[0] = '/home/jim/Unity/Hub/Editor/6000.3.18f1/Editor/Data/Managed'
Mono path[1] = '/home/jim/Unity/Hub/Editor/6000.3.18f1/Editor/Data/MonoBleedingEdge/lib/mono/unityjit-linux'
Mono config path = '/home/jim/Unity/Hub/Editor/6000.3.18f1/Editor/Data/MonoBleedingEdge/etc'
Using monoOptions --debugger-agent=transport=dt_socket,embedding=1,server=y,suspend=n,address=127.0.0.1:56562
Begin MonoManager ReloadAssembly
Registering precompiled unity dll's ...
Register platform support module: /home/jim/Unity/Hub/Editor/6000.3.18f1/Editor/Data/PlaybackEngines/WebGLSupport/UnityEditor.WebGL.Extensions.dll
Register platform support module: /home/jim/Unity/Hub/Editor/6000.3.18f1/Editor/Data/PlaybackEngines/WindowsStandaloneSupport/UnityEditor.WindowsStandalone.Extensions.dll
Register platform support module: /home/jim/Unity/Hub/Editor/6000.3.18f1/Editor/Data/PlaybackEngines/LinuxStandaloneSupport/UnityEditor.LinuxStandalone.Extensions.dll
Registered in 0.000820 seconds.
- Loaded All Assemblies, in  0.233 seconds
Native extension for LinuxStandalone target not found
Package Manager log level set to [2]
[Package Manager] Failed to launch server process. Reason: Unity was launched with the -noUpm command-line argument
[Package Manager] Unable to send message (not connected to server process).
[Package Manager] Cannot connect to Unity Package Manager local server
[Package Manager] Failed to launch server process. Reason: Unity was launched with the -noUpm command-line argument
[Package Manager] Unable to send message (not connected to server process).
[Package Manager] Cannot connect to Unity Package Manager local server
Native extension for WindowsStandalone target not found
Native extension for WebGL target not found
[Package Manager] Failed to launch server process. Reason: Unity was launched with the -noUpm command-line argument
[Package Manager] Unable to send message (not connected to server process).
[Package Manager] Cannot connect to Unity Package Manager local server
[Package Manager] Failed to launch server process. Reason: Unity was launched with the -noUpm command-line argument
[Package Manager] Unable to send message (not connected to server process).
[Package Manager] Cannot connect to Unity Package Manager local server
ScheduleIndexationOnStartup MainProcess:False IndexOnStartup:True
Mono: successfully reloaded assembly
- Finished resetting the current domain, in  0.256 seconds
Domain Reload Profiling: 489ms
	BeginReloadAssembly (50ms)
		ExecutionOrderSort (0ms)
		DisableScriptedObjects (0ms)
		BackupInstance (0ms)
		ReleaseScriptingObjects (0ms)
		CreateAndSetChildDomain (1ms)
	RebuildCommonClasses (24ms)
	RebuildNativeTypeToScriptingClass (6ms)
	initialDomainReloadingComplete (39ms)
	LoadAllAssembliesAndSetupDomain (115ms)
		LoadAssemblies (50ms)
		RebuildTransferFunctionScriptingTraits (0ms)
		AnalyzeDomain (112ms)
			TypeCache.Refresh (111ms)
				TypeCache.ScanAssembly (100ms)
			BuildScriptInfoCaches (0ms)
			ResolveRequiredComponents (0ms)
	FinalizeReload (256ms)
		ReleaseScriptCaches (0ms)
		RebuildScriptCaches (0ms)
		SetupLoadedEditorAssemblies (227ms)
			LogAssemblyErrors (0ms)
			InitializePlatformSupportModulesInManaged (39ms)
			SetLoadedEditorAssemblies (3ms)
			BeforeProcessingInitializeOnLoad (51ms)
			ProcessInitializeOnLoadAttributes (89ms)
			ProcessInitializeOnLoadMethodAttributes (45ms)
			AfterProcessingInitializeOnLoad (0ms)
			EditorAssembliesLoaded (0ms)
		ExecutionOrderSort2 (0ms)
		AwakeInstancesAfterBackupRestoration (0ms)
========================================================================
Worker process is ready to serve import requests
Import Worker Mode flag is 0x00
Begin MonoManager ReloadAssembly
[Licensing::Client] Successfully resolved entitlement details
[Licensing::Module] License group:
  Id: 3150976-UnityPersXXXX
  Product: Unity Personal
  Type: Assigned
  Expiration: Unlimited
- Loaded All Assemblies, in  0.423 seconds
Refreshing native plugins compatible for Editor in 0.25 ms, found 0 plugins.
Native extension for LinuxStandalone target not found
[Package Manager] Failed to launch server process. Reason: Unity was launched with the -noUpm command-line argument
[Package Manager] Unable to send message (not connected to server process).
[Package Manager] Cannot connect to Unity Package Manager local server
[Package Manager] Failed to launch server process. Reason: Unity was launched with the -noUpm command-line argument
[Package Manager] Unable to send message (not connected to server process).
[Package Manager] Cannot connect to Unity Package Manager local server
Native extension for WindowsStandalone target not found
Native extension for WebGL target not found
[Package Manager] Failed to launch server process. Reason: Unity was launched with the -noUpm command-line argument
[Package Manager] Unable to send message (not connected to server process).
[Package Manager] Cannot connect to Unity Package Manager local server
Refreshing native plugins compatible for Editor in 0.31 ms, found 0 plugins.
[Package Manager] Failed to launch server process. Reason: Unity was launched with the -noUpm command-line argument
[Package Manager] Unable to send message (not connected to server process).
[Package Manager] Cannot connect to Unity Package Manager local server
ScheduleIndexationOnStartup MainProcess:False IndexOnStartup:True
Mono: successfully reloaded assembly
- Finished resetting the current domain, in  0.468 seconds
Domain Reload Profiling: 890ms
	BeginReloadAssembly (84ms)
		ExecutionOrderSort (0ms)
		DisableScriptedObjects (3ms)
		BackupInstance (0ms)
		ReleaseScriptingObjects (0ms)
		CreateAndSetChildDomain (20ms)
	RebuildCommonClasses (23ms)
	RebuildNativeTypeToScriptingClass (5ms)
	initialDomainReloadingComplete (24ms)
	LoadAllAssembliesAndSetupDomain (285ms)
		LoadAssemblies (168ms)
		RebuildTransferFunctionScriptingTraits (0ms)
		AnalyzeDomain (154ms)
			TypeCache.Refresh (110ms)
				TypeCache.ScanAssembly (100ms)
			BuildScriptInfoCaches (36ms)
			ResolveRequiredComponents (6ms)
	FinalizeReload (468ms)
		ReleaseScriptCaches (0ms)
		RebuildScriptCaches (0ms)
		SetupLoadedEditorAssemblies (338ms)
			LogAssemblyErrors (0ms)
			InitializePlatformSupportModulesInManaged (7ms)
			SetLoadedEditorAssemblies (3ms)
			BeforeProcessingInitializeOnLoad (94ms)
			ProcessInitializeOnLoadAttributes (193ms)
			ProcessInitializeOnLoadMethodAttributes (39ms)
			AfterProcessingInitializeOnLoad (2ms)
			EditorAssembliesLoaded (0ms)
		ExecutionOrderSort2 (0ms)
		AwakeInstancesAfterBackupRestoration (2ms)
AutoLocale: current locale expects 'C' but got 'en_US.UTF-8'Launched and connected shader compiler UnityShaderCompiler after 0.01 seconds
Refreshing native plugins compatible for Editor in 0.30 ms, found 0 plugins.
Preloading 0 native plugins for Editor in 0.00 ms.
Unloading 16 Unused Serialized files (Serialized files now loaded: 0)
Unloading 6512 unused Assets / (4.5 MB). Loaded Objects now: 7303.
Memory consumption went from 140.8 MB to 136.3 MB.
Total: 8.023958 ms (FindLiveObjects: 0.356947 ms CreateObjectMapping: 0.307485 ms MarkObjects: 4.734596 ms  DeleteObjects: 2.624498 ms)

========================================================================
Received Prepare
Begin MonoManager ReloadAssembly
- Loaded All Assemblies, in  0.449 seconds
Refreshing native plugins compatible for Editor in 0.25 ms, found 0 plugins.
Native extension for LinuxStandalone target not found
[Package Manager] Failed to launch server process. Reason: Unity was launched with the -noUpm command-line argument
[Package Manager] Unable to send message (not connected to server process).
[Package Manager] Cannot connect to Unity Package Manager local server
[Package Manager] Failed to launch server process. Reason: Unity was launched with the -noUpm command-line argument
[Package Manager] Unable to send message (not connected to server process).
[Package Manager] Cannot connect to Unity Package Manager local server
Native extension for WindowsStandalone target not found
Native extension for WebGL target not found
[Package Manager] Failed to launch server process. Reason: Unity was launched with the -noUpm command-line argument
[Package Manager] Unable to send message (not connected to server process).
[Package Manager] Cannot connect to Unity Package Manager local server
Refreshing native plugins compatible for Editor in 0.37 ms, found 0 plugins.
[Package Manager] Failed to launch server process. Reason: Unity was launched with the -noUpm command-line argument
[Package Manager] Unable to send message (not connected to server process).
[Package Manager] Cannot connect to Unity Package Manager local server
ScheduleIndexationOnStartup MainProcess:False IndexOnStartup:True
Mono: successfully reloaded assembly
- Finished resetting the current domain, in  0.414 seconds
Domain Reload Profiling: 866ms
	BeginReloadAssembly (121ms)
		ExecutionOrderSort (0ms)
		DisableScriptedObjects (3ms)
		BackupInstance (0ms)
		ReleaseScriptingObjects (0ms)
		CreateAndSetChildDomain (33ms)
	RebuildCommonClasses (28ms)
	RebuildNativeTypeToScriptingClass (6ms)
	initialDomainReloadingComplete (17ms)
	LoadAllAssembliesAndSetupDomain (279ms)
		LoadAssemblies (198ms)
		RebuildTransferFunctionScriptingTraits (0ms)
		AnalyzeDomain (126ms)
			TypeCache.Refresh (7ms)
				TypeCache.ScanAssembly (0ms)
			BuildScriptInfoCaches (112ms)
			ResolveRequiredComponents (6ms)
	FinalizeReload (415ms)
		ReleaseScriptCaches (0ms)
		RebuildScriptCaches (0ms)
		SetupLoadedEditorAssemblies (302ms)
			LogAssemblyErrors (0ms)
			InitializePlatformSupportModulesInManaged (7ms)
			SetLoadedEditorAssemblies (2ms)
			BeforeProcessingInitializeOnLoad (76ms)
			ProcessInitializeOnLoadAttributes (175ms)
			ProcessInitializeOnLoadMethodAttributes (39ms)
			AfterProcessingInitializeOnLoad (2ms)
			EditorAssembliesLoaded (0ms)
		ExecutionOrderSort2 (0ms)
		AwakeInstancesAfterBackupRestoration (7ms)
Refreshing native plugins compatible for Editor in 0.53 ms, found 0 plugins.
Preloading 0 native plugins for Editor in 0.00 ms.
Unloading 16 Unused Serialized files (Serialized files now loaded: 0)
Unloading 6508 unused Assets / (4.4 MB). Loaded Objects now: 7319.
Memory consumption went from 145.0 MB to 140.6 MB.
Total: 7.838651 ms (FindLiveObjects: 0.650492 ms CreateObjectMapping: 0.284946 ms MarkObjects: 5.254356 ms  DeleteObjects: 1.648180 ms)

Prepare: number of updated asset objects reloaded= 0
========================================================================
Received Prepare
Begin MonoManager ReloadAssembly
- Loaded All Assemblies, in  0.424 seconds
Refreshing native plugins compatible for Editor in 0.46 ms, found 0 plugins.
Native extension for LinuxStandalone target not found
[Package Manager] Failed to launch server process. Reason: Unity was launched with the -noUpm command-line argument
[Package Manager] Unable to send message (not connected to server process).
[Package Manager] Cannot connect to Unity Package Manager local server
[Package Manager] Failed to launch server process. Reason: Unity was launched with the -noUpm command-line argument
[Package Manager] Unable to send message (not connected to server process).
[Package Manager] Cannot connect to Unity Package Manager local server
Native extension for WindowsStandalone target not found
Native extension for WebGL target not found
[Package Manager] Failed to launch server process. Reason: Unity was launched with the -noUpm command-line argument
[Package Manager] Unable to send message (not connected to server process).
[Package Manager] Cannot connect to Unity Package Manager local server
Refreshing native plugins compatible for Editor in 0.30 ms, found 0 plugins.
[Package Manager] Failed to launch server process. Reason: Unity was launched with the -noUpm command-line argument
[Package Manager] Unable to send message (not connected to server process).
[Package Manager] Cannot connect to Unity Package Manager local server
ScheduleIndexationOnStartup MainProcess:False IndexOnStartup:True
Mono: successfully reloaded assembly
- Finished resetting the current domain, in  0.405 seconds
Domain Reload Profiling: 831ms
	BeginReloadAssembly (110ms)
		ExecutionOrderSort (0ms)
		DisableScriptedObjects (3ms)
		BackupInstance (0ms)
		ReleaseScriptingObjects (0ms)
		CreateAndSetChildDomain (32ms)
	RebuildCommonClasses (24ms)
	RebuildNativeTypeToScriptingClass (6ms)
	initialDomainReloadingComplete (16ms)
	LoadAllAssembliesAndSetupDomain (271ms)
		LoadAssemblies (185ms)
		RebuildTransferFunctionScriptingTraits (0ms)
		AnalyzeDomain (118ms)
			TypeCache.Refresh (7ms)
				TypeCache.ScanAssembly (0ms)
			BuildScriptInfoCaches (103ms)
			ResolveRequiredComponents (6ms)
	FinalizeReload (405ms)
		ReleaseScriptCaches (0ms)
		RebuildScriptCaches (0ms)
		SetupLoadedEditorAssemblies (305ms)
			LogAssemblyErrors (0ms)
			InitializePlatformSupportModulesInManaged (7ms)
			SetLoadedEditorAssemblies (2ms)
			BeforeProcessingInitializeOnLoad (84ms)
			ProcessInitializeOnLoadAttributes (172ms)
			ProcessInitializeOnLoadMethodAttributes (38ms)
			AfterProcessingInitializeOnLoad (2ms)
			EditorAssembliesLoaded (0ms)
		ExecutionOrderSort2 (0ms)
		AwakeInstancesAfterBackupRestoration (7ms)
Refreshing native plugins compatible for Editor in 0.29 ms, found 0 plugins.
Preloading 0 native plugins for Editor in 0.00 ms.
Unloading 16 Unused Serialized files (Serialized files now loaded: 0)
Unloading 6508 unused Assets / (3.7 MB). Loaded Objects now: 7322.
Memory consumption went from 144.8 MB to 141.1 MB.
Total: 5.450570 ms (FindLiveObjects: 0.376951 ms CreateObjectMapping: 0.241449 ms MarkObjects: 3.630780 ms  DeleteObjects: 1.200452 ms)

Prepare: number of updated asset objects reloaded= 0
========================================================================
Received Import Request.
  Time since last request: 625055.638341 seconds.
  path: Assets/gnomes/Demo/Materials/Interaction Inspect Material.mat
  artifactKey: Guid(78d28232d1b81b1ad88173cffe28fafd) Importer(2089858483,b0f066a214c2f5e87bad3c948f4d605d)
Start importing Assets/gnomes/Demo/Materials/Interaction Inspect Material.mat using Guid(78d28232d1b81b1ad88173cffe28fafd) Importer(2089858483,b0f066a214c2f5e87bad3c948f4d605d) (ScriptedImporter) -> (artifact id: '8701e887d155cb01e70be294ec9ba58b') in 0.059060112 seconds
Number of updated asset objects reloaded before import = 0Number of asset objects unloaded after import = 1

========================================================================
Received Import Request.
  Time since last request: 0.053047 seconds.
  path: Assets/gnomes/_git/COMMIT_EDITMSG
  artifactKey: Guid(fb6b602c3d192ac2fa3d431751910527) Importer(2089858483,b0f066a214c2f5e87bad3c948f4d605d)
Start importing Assets/gnomes/_git/COMMIT_EDITMSG using Guid(fb6b602c3d192ac2fa3d431751910527) Importer(2089858483,b0f066a214c2f5e87bad3c948f4d605d) (ScriptedImporter) -> (artifact id: '4efec909565dde0fe83debe911268278') in 0.001260815 seconds
Number of updated asset objects reloaded before import = 0Number of asset objects unloaded after import = 1

========================================================================
Received Import Request.
  Time since last request: 0.042766 seconds.
  path: Assets/gnomes/Demo/Settings/InputLinkers/LookLinker.asset
  artifactKey: Guid(897a9ac67a19117a19bff450440d91bd) Importer(2089858483,b0f066a214c2f5e87bad3c948f4d605d)
Start importing Assets/gnomes/Demo/Settings/InputLinkers/LookLinker.asset using Guid(897a9ac67a19117a19bff450440d91bd) Importer(2089858483,b0f066a214c2f5e87bad3c948f4d605d) (ScriptedImporter) -> (artifact id: '91731e2de7fbd4b3fa1a9e3df54209cf') in 0.001238512 seconds
Number of updated asset objects reloaded before import = 0Number of asset objects unloaded after import = 1

========================================================================
Received Import Request.
  Time since last request: 0.046405 seconds.
  path: Assets/gnomes/Demo/Audio Clips/SFX/Blops/Retro Blop 07.wav
  artifactKey: Guid(289da9a28e1682e79be5c217601de61e) Importer(2089858483,b0f066a214c2f5e87bad3c948f4d605d)
Start importing Assets/gnomes/Demo/Audio Clips/SFX/Blops/Retro Blop 07.wav using Guid(289da9a28e1682e79be5c217601de61e) Importer(2089858483,b0f066a214c2f5e87bad3c948f4d605d) (ScriptedImporter) -> (artifact id: '4a85580cfaaf71b7714db0a47e57ee14') in 0.027675332 seconds
Number of updated asset objects reloaded before import = 0Number of asset objects unloaded after import = 1

========================================================================
Received Import Request.
  Time since last request: 0.015139 seconds.
  path: Assets/gnomes/Demo/Prefabs/Prompt Row.prefab
  artifactKey: Guid(a6070650a61a366f1bb24340be29e47f) Importer(2089858483,b0f066a214c2f5e87bad3c948f4d605d)
Start importing Assets/gnomes/Demo/Prefabs/Prompt Row.prefab using Guid(a6070650a61a366f1bb24340be29e47f) Importer(2089858483,b0f066a214c2f5e87bad3c948f4d605d) (ScriptedImporter) -> (artifact id: '735b23d1b4b9ebfc2e7be6b2faaf752e') in 0.031077027 seconds
Number of updated asset objects reloaded before import = 0Number of asset objects unloaded after import = 14

========================================================================
Received Import Request.
  Time since last request: 0.000007 seconds.
  path: Assets/gnomes/Actor/Core/Actor.cs
  artifactKey: Guid(2e609650aee94c1629d3afac741c273a) Importer(2089858483,b0f066a214c2f5e87bad3c948f4d605d)
Start importing Assets/gnomes/Actor/Core/Actor.cs using Guid(2e609650aee94c1629d3afac741c273a) Importer(2089858483,b0f066a214c2f5e87bad3c948f4d605d) (ScriptedImporter) -> (artifact id: '9d8ca30f0724c1078abd44ef7a40e098') in 0.002101543 seconds
Number of updated asset objects reloaded before import = 0Number of asset objects unloaded after import = 0

========================================================================
Received Import Request.
  Time since last request: 0.000008 seconds.
  path: Assets/gnomes/_git/refs/heads
  artifactKey: Guid(ac1495eaf680b6049bc77ece7332fd38) Importer(2089858483,b0f066a214c2f5e87bad3c948f4d605d)
Start importing Assets/gnomes/_git/refs/heads using Guid(ac1495eaf680b6049bc77ece7332fd38) Importer(2089858483,b0f066a214c2f5e87bad3c948f4d605d) (ScriptedImporter) -> (artifact id: 'bc488cb81e1d8a95b9ad400b5b896e91') in 0.001009491 seconds
Number of updated asset objects reloaded before import = 0Number of asset objects unloaded after import = 1

========================================================================
Received Import Request.
  Time since last request: 0.000009 seconds.
  path: Assets/gnomes/docs/toc.yml
  artifactKey: Guid(49bb0f07536481fad92e65f711304053) Importer(2089858483,b0f066a214c2f5e87bad3c948f4d605d)
Start importing Assets/gnomes/docs/toc.yml using Guid(49bb0f07536481fad92e65f711304053) Importer(2089858483,b0f066a214c2f5e87bad3c948f4d605d) (ScriptedImporter) -> (artifact id: 'a96051cf2a6745fb3f6b57a62910be02') in 0.001133149 seconds
Number of updated asset objects reloaded before import = 0Number of asset objects unloaded after import = 1

========================================================================
Received Import Request.
  Time since last request: 0.412679 seconds.
  path: Assets/gnomes/_git/logs/refs
  artifactKey: Guid(48557abd533e3b0bba12d297c5d7c346) Importer(2089858483,b0f066a214c2f5e87bad3c948f4d605d)
Start importing Assets/gnomes/_git/logs/refs using Guid(48557abd533e3b0bba12d297c5d7c346) Importer(2089858483,b0f066a214c2f5e87bad3c948f4d605d) (ScriptedImporter) -> (artifact id: '0db0f172f7246cb55ea831486f0bc649') in 0.001494502 seconds
Number of updated asset objects reloaded before import = 0Number of asset objects unloaded after import = 1

========================================================================
Received Import Request.
  Time since last request: 0.000011 seconds.
  path: Assets/gnomes/Actor/Core/Interaction/InteractionOptionSet.cs
  artifactKey: Guid(e4157ab07a59ada8798d451c35640c37) Importer(2089858483,b0f066a214c2f5e87bad3c948f4d605d)
Start importing Assets/gnomes/Actor/Core/Interaction/InteractionOptionSet.cs using Guid(e4157ab07a59ada8798d451c35640c37) Importer(2089858483,b0f066a214c2f5e87bad3c948f4d605d) (ScriptedImporter) -> (artifact id: '9c20e41401479fe8b10e49e2a86fdc82') in 0.001849336 seconds
Number of updated asset objects reloaded before import = 0Number of asset objects unloaded after import = 0

========================================================================
Received Import Request.
  Time since last request: 0.000011 seconds.
  path: Assets/gnomes/Runtime/GnomeableAttribute.cs
  artifactKey: Guid(566c2a89be1c8dca9820acbeeb4347f4) Importer(2089858483,b0f066a214c2f5e87bad3c948f4d605d)
Start importing Assets/gnomes/Runtime/GnomeableAttribute.cs using Guid(566c2a89be1c8dca9820acbeeb4347f4) Importer(2089858483,b0f066a214c2f5e87bad3c948f4d605d) (ScriptedImporter) -> (artifact id: 'da0518ad20b0dfb5b23f8887fbf9a21e') in 0.00125374 seconds
Number of updated asset objects reloaded before import = 0Number of asset objects unloaded after import = 0

========================================================================
Received Import Request.
  Time since last request: 0.000008 seconds.
  path: Assets/gnomes/Actor
  artifactKey: Guid(2608d198b925972ec9a9bb338b418fe1) Importer(2089858483,b0f066a214c2f5e87bad3c948f4d605d)
Start importing Assets/gnomes/Actor using Guid(2608d198b925972ec9a9bb338b418fe1) Importer(2089858483,b0f066a214c2f5e87bad3c948f4d605d) (ScriptedImporter) -> (artifact id: 'a67ed00bdd70f95779ffc2e61968500f') in 0.001078783 seconds
Number of updated asset objects reloaded before import = 0Number of asset objects unloaded after import = 1

========================================================================
Received Import Request.
  Time since last request: 0.000012 seconds.
  path: Assets/gnomes/_git/objects/0d/5870e8fcc7e0ebb4b5bb996a69b17da0ced722
  artifactKey: Guid(017b687a0a0f6ce8ab27573e234046e4) Importer(2089858483,b0f066a214c2f5e87bad3c948f4d605d)
Start importing Assets/gnomes/_git/objects/0d/5870e8fcc7e0ebb4b5bb996a69b17da0ced722 using Guid(017b687a0a0f6ce8ab27573e234046e4) Importer(2089858483,b0f066a214c2f5e87bad3c948f4d605d) (ScriptedImporter) -> (artifact id: '42e0b665547c9b3687db5165f6fe85e2') in 0.001687476 seconds
Number of updated asset objects reloaded before import = 0Number of asset objects unloaded after import = 1

========================================================================
Received Import Request.
  Time since last request: 0.000016 seconds.
  path: Assets/gnomes/docs/introduction.md
  artifactKey: Guid(cadbafc9b7c14df74af07e8e0d67ea93) Importer(2089858483,b0f066a214c2f5e87bad3c948f4d605d)
Start importing Assets/gnomes/docs/introduction.md using Guid(cadbafc9b7c14df74af07e8e0d67ea93) Importer(2089858483,b0f066a214c2f5e87bad3c948f4d605d) (ScriptedImporter) -> (artifact id: 'b097508e8e04316172221aaebe4a036c') in 0.001597642 seconds
Number of updated asset objects reloaded before import = 0Number of asset objects unloaded after import = 1

========================================================================
Received Import Request.
  Time since last request: 0.000020 seconds.
  path: Assets/gnomes/Runtime
  artifactKey: Guid(de29679eb41d74229b85241c2ae05f7b) Importer(2089858483,b0f066a214c2f5e87bad3c948f4d605d)
Start importing Assets/gnomes/Runtime using Guid(de29679eb41d74229b85241c2ae05f7b) Importer(2089858483,b0f066a214c2f5e87bad3c948f4d605d) (ScriptedImporter) -> (artifact id: '65a1d996b7c7e4b2841dd19e2d102ad3') in 0.001498912 seconds
Number of updated asset objects reloaded before import = 0Number of asset objects unloaded after import = 1

========================================================================
Received Import Request.
  Time since last request: 0.000009 seconds.
  path: Assets/gnomes/Demo/Prefabs/Player.prefab
  artifactKey: Guid(d72397d4d894cb116a10ca29ce05e018) Importer(2089858483,b0f066a214c2f5e87bad3c948f4d605d)
Start importing Assets/gnomes/Demo/Prefabs/Player.prefab using Guid(d72397d4d894cb116a10ca29ce05e018) Importer(2089858483,b0f066a214c2f5e87bad3c948f4d605d) (ScriptedImporter)UpdateMenuTitleForLanguage: 10
 -> (artifact id: '0f2386c43831e19bc510fe7ba2a6fd65') in 0.133250666 seconds
Number of updated asset objects reloaded before import = 0Number of asset objects unloaded after import = 22

========================================================================
Received Import Request.
  Time since last request: 0.000008 seconds.
  path: Assets/gnomes/_git/refs/remotes/origin/main
  artifactKey: Guid(b073cf4dcf232b55d9b62d2f83f69699) Importer(2089858483,b0f066a214c2f5e87bad3c948f4d605d)
Start importing Assets/gnomes/_git/refs/remotes/origin/main using Guid(b073cf4dcf232b55d9b62d2f83f69699) Importer(2089858483,b0f066a214c2f5e87bad3c948f4d605d) (ScriptedImporter) -> (artifact id: 'e457e37795057fea636b56587d900f01') in 0.002315389 seconds
Number of updated asset objects reloaded before import = 0Number of asset objects unloaded after import = 1

========================================================================
Received Import Request.
  Time since last request: 0.000010 seconds.
  path: Assets/gnomes/Demo/Demo InputSystem_Actions.inputactions
  artifactKey: Guid(158493dea2d93a09eb631623b641bbcd) Importer(2089858483,b0f066a214c2f5e87bad3c948f4d605d)
Start importing Assets/gnomes/Demo/Demo InputSystem_Actions.inputactions using Guid(158493dea2d93a09eb631623b641bbcd) Importer(2089858483,b0f066a214c2f5e87bad3c948f4d605d) (ScriptedImporter) -> (artifact id: 'c1a8dae1262b8e27cc68432a2c7447ff') in 0.007407233 seconds
Number of updated asset objects reloaded before import = 0Number of asset objects unloaded after import = 22

========================================================================
Received Import Request.
  Time since last request: 0.000009 seconds.
  path: Assets/gnomes/Demo/Scripts/Generated/MovementModule.cs
  artifactKey: Guid(3cef7a5dba7f5dbeb81858ed0ae1334c) Importer(2089858483,b0f066a214c2f5e87bad3c948f4d605d)
Start importing Assets/gnomes/Demo/Scripts/Generated/MovementModule.cs using Guid(3cef7a5dba7f5dbeb81858ed0ae1334c) Importer(2089858483,b0f066a214c2f5e87bad3c948f4d605d) (ScriptedImporter) -> (artifact id: '0d367f5ce7d9cd56294af3fc9b7c3d83') in 0.001276848 seconds
Number of updated asset objects reloaded before import = 0Number of asset objects unloaded after import = 0

========================================================================
Received Import Request.
  Time since last request: 0.000015 seconds.
  path: Assets/gnomes/_git/logs/refs/heads
  artifactKey: Guid(a2f06d58eeef35aa6b6b76abb7ae63d3) Importer(2089858483,b0f066a214c2f5e87bad3c948f4d605d)
Start importing Assets/gnomes/_git/logs/refs/heads using Guid(a2f06d58eeef35aa6b6b76abb7ae63d3) Importer(2089858483,b0f066a214c2f5e87bad3c948f4d605d) (ScriptedImporter) -> (artifact id: '31cda2bff7852bef956c9bea89560790') in 0.001119598 seconds
Number of updated asset objects reloaded before import = 0Number of asset objects unloaded after import = 1

========================================================================
Received Import Request.
  Time since last request: 0.000015 seconds.
  path: Assets/gnomes/Demo/Prefabs/Actor.prefab
  artifactKey: Guid(501d9d484bb44ce7581f91c4d6a92670) Importer(2089858483,b0f066a214c2f5e87bad3c948f4d605d)
Start importing Assets/gnomes/Demo/Prefabs/Actor.prefab using Guid(501d9d484bb44ce7581f91c4d6a92670) Importer(2089858483,b0f066a214c2f5e87bad3c948f4d605d) (ScriptedImporter) -> (artifact id: 'b2148eaf7330d3c6a3b5079ac20cdd46') in 0.005508785 seconds
Number of updated asset objects reloaded before import = 0Number of asset objects unloaded after import = 28

========================================================================
Received Import Request.
  Time since last request: 0.000008 seconds.
  path: Assets/gnomes/_git/hooks/update.sample
  artifactKey: Guid(53f13f9ddf1b02218a2ea24e41c3376a) Importer(2089858483,b0f066a214c2f5e87bad3c948f4d605d)
Start importing Assets/gnomes/_git/hooks/update.sample using Guid(53f13f9ddf1b02218a2ea24e41c3376a) Importer(2089858483,b0f066a214c2f5e87bad3c948f4d605d) (ScriptedImporter) -> (artifact id: '456cfeabc9f09d661c5c00cab2f1dd7a') in 0.001184357 seconds
Number of updated asset objects reloaded before import = 0Number of asset objects unloaded after import = 1

========================================================================
Received Import Request.
  Time since last request: 0.000009 seconds.
  path: Assets/gnomes/Demo/Audio Clips/SFX/Blops/Retro Blop 22.wav
  artifactKey: Guid(e1c0d0b91b6a9b9479e6fdad170ebd65) Importer(2089858483,b0f066a214c2f5e87bad3c948f4d605d)
Start importing Assets/gnomes/Demo/Audio Clips/SFX/Blops/Retro Blop 22.wav using Guid(e1c0d0b91b6a9b9479e6fdad170ebd65) Importer(2089858483,b0f066a214c2f5e87bad3c948f4d605d) (ScriptedImporter) -> (artifact id: 'b7a0aa3b0e65d394dde31d1e3d9d26b4') in 0.014431652 seconds
Number of updated asset objects reloaded before import = 0Number of asset objects unloaded after import = 1

========================================================================
Received Import Request.
  Time since last request: 0.000008 seconds.
  path: Assets/gnomes/Demo/Scriptable Objects/Brains
  artifactKey: Guid(ceda0e3026d1189ddbcdef94dc859cb0) Importer(2089858483,b0f066a214c2f5e87bad3c948f4d605d)
Start importing Assets/gnomes/Demo/Scriptable Objects/Brains using Guid(ceda0e3026d1189ddbcdef94dc859cb0) Importer(2089858483,b0f066a214c2f5e87bad3c948f4d605d) (ScriptedImporter) -> (artifact id: 'c40be619534ee4dcf08b53a18dd58026') in 0.001769708 seconds
Number of updated asset objects reloaded before import = 0Number of asset objects unloaded after import = 1

========================================================================
Received Import Request.
  Time since last request: 0.000012 seconds.
  path: Assets/gnomes/Audio/SFXHandle.cs
  artifactKey: Guid(44267a20204ae7af09d2158858855451) Importer(2089858483,b0f066a214c2f5e87bad3c948f4d605d)
Start importing Assets/gnomes/Audio/SFXHandle.cs using Guid(44267a20204ae7af09d2158858855451) Importer(2089858483,b0f066a214c2f5e87bad3c948f4d605d) (ScriptedImporter) -> (artifact id: 'c8bb4e1e4f1e082d4cd32c0cfe82aab6') in 0.001868488 seconds
Number of updated asset objects reloaded before import = 0Number of asset objects unloaded after import = 0

========================================================================
Received Import Request.
  Time since last request: 0.000012 seconds.
  path: Assets/gnomes/_git/objects
  artifactKey: Guid(db75d62c7579343de8cce14cf0644799) Importer(2089858483,b0f066a214c2f5e87bad3c948f4d605d)
Start importing Assets/gnomes/_git/objects using Guid(db75d62c7579343de8cce14cf0644799) Importer(2089858483,b0f066a214c2f5e87bad3c948f4d605d) (ScriptedImporter) -> (artifact id: 'fdeed23843b8d1be7610f972aafb17e1') in 0.001485557 seconds
Number of updated asset objects reloaded before import = 0Number of asset objects unloaded after import = 1

========================================================================
Received Import Request.
  Time since last request: 0.000012 seconds.
  path: Assets/gnomes/Demo/Audio Clips/SFX/FootStep/Retro FootStep Mud 01.wav
  artifactKey: Guid(34d50b313f7b858b99118e2e9c852fc7) Importer(2089858483,b0f066a214c2f5e87bad3c948f4d605d)
Start importing Assets/gnomes/Demo/Audio Clips/SFX/FootStep/Retro FootStep Mud 01.wav using Guid(34d50b313f7b858b99118e2e9c852fc7) Importer(2089858483,b0f066a214c2f5e87bad3c948f4d605d) (ScriptedImporter) -> (artifact id: '80af67a79c86cc32176096670ec3c431') in 0.019027061 seconds
Number of updated asset objects reloaded before import = 0Number of asset objects unloaded after import = 1

========================================================================
Received Import Request.
  Time since last request: 0.000013 seconds.
  path: Assets/gnomes/Actor/Core/Interaction/GnomesInspectPoint.cs
  artifactKey: Guid(3680e57866d6c910dabb198c85901f25) Importer(2089858483,b0f066a214c2f5e87bad3c948f4d605d)
Start importing Assets/gnomes/Actor/Core/Interaction/GnomesInspectPoint.cs using Guid(3680e57866d6c910dabb198c85901f25) Importer(2089858483,b0f066a214c2f5e87bad3c948f4d605d) (ScriptedImporter) -> (artifact id: '6452afc0a12212b995b2f29a18707517') in 0.001878856 seconds
Number of updated asset objects reloaded before import = 0Number of asset objects unloaded after import = 0

========================================================================
Received Import Request.
  Time since last request: 0.000013 seconds.
  path: Assets/gnomes/Actor/Core/Interaction/InteractionOption.cs
  artifactKey: Guid(bc740bd04a9113902b9088b0e00d6a48) Importer(2089858483,b0f066a214c2f5e87bad3c948f4d605d)
Start importing Assets/gnomes/Actor/Core/Interaction/InteractionOption.cs using Guid(bc740bd04a9113902b9088b0e00d6a48) Importer(2089858483,b0f066a214c2f5e87bad3c948f4d605d) (ScriptedImporter) -> (artifact id: '1baf14f114b55fba1632f722f9ccb796') in 0.001861544 seconds
Number of updated asset objects reloaded before import = 0Number of asset objects unloaded after import = 0

========================================================================
Received Import Request.
  Time since last request: 0.000017 seconds.
  path: Assets/gnomes/_git/hooks/pre-rebase.sample
  artifactKey: Guid(539b38f9db411220995003aae9b3780f) Importer(2089858483,b0f066a214c2f5e87bad3c948f4d605d)
Start importing Assets/gnomes/_git/hooks/pre-rebase.sample using Guid(539b38f9db411220995003aae9b3780f) Importer(2089858483,b0f066a214c2f5e87bad3c948f4d605d) (ScriptedImporter) -> (artifact id: 'eb791d0a0f5fdf50d8d42faf0b836a9b') in 0.001611313 seconds
Number of updated asset objects reloaded before import = 0Number of asset objects unloaded after import = 1

========================================================================
Received Import Request.
  Time since last request: 0.000019 seconds.
  path: Assets/gnomes/_git/HEAD
  artifactKey: Guid(7fea991887acd353aa69287b9840a21d) Importer(2089858483,b0f066a214c2f5e87bad3c948f4d605d)
Start importing Assets/gnomes/_git/HEAD using Guid(7fea991887acd353aa69287b9840a21d) Importer(2089858483,b0f066a214c2f5e87bad3c948f4d605d) (ScriptedImporter) -> (artifact id: '30867ffab2014a38acd5ee763e586628') in 0.001535785 seconds
Number of updated asset objects reloaded before import = 0Number of asset objects unloaded after import = 1

========================================================================
Received Import Request.
  Time since last request: 0.000011 seconds.
  path: Assets/gnomes/Input/InputLinker.cs
  artifactKey: Guid(d9f94edc02f7e017c99b2e407768c677) Importer(2089858483,b0f066a214c2f5e87bad3c948f4d605d)
Start importing Assets/gnomes/Input/InputLinker.cs using Guid(d9f94edc02f7e017c99b2e407768c677) Importer(2089858483,b0f066a214c2f5e87bad3c948f4d605d) (ScriptedImporter) -> (artifact id: 'fad4f09e702c8355c5857c2b4515f137') in 0.001769756 seconds
Number of updated asset objects reloaded before import = 0Number of asset objects unloaded after import = 0

========================================================================
Received Import Request.
  Time since last request: 0.000012 seconds.
  path: Assets/gnomes/Utilities/UnitySerializedDictionary.cs
  artifactKey: Guid(6547a0b9ccc83386194460a5d38a2e3a) Importer(2089858483,b0f066a214c2f5e87bad3c948f4d605d)
Start importing Assets/gnomes/Utilities/UnitySerializedDictionary.cs using Guid(6547a0b9ccc83386194460a5d38a2e3a) Importer(2089858483,b0f066a214c2f5e87bad3c948f4d605d) (ScriptedImporter) -> (artifact id: '4bd7c0e3d3cda7ef7fa44803cfd35088') in 0.001758547 seconds
Number of updated asset objects reloaded before import = 0Number of asset objects unloaded after import = 0

========================================================================
Received Import Request.
  Time since last request: 0.000013 seconds.
  path: Assets/gnomes/_git
  artifactKey: Guid(3fd7538156e26e8aa9307cbe14705c1c) Importer(2089858483,b0f066a214c2f5e87bad3c948f4d605d)
Start importing Assets/gnomes/_git using Guid(3fd7538156e26e8aa9307cbe14705c1c) Importer(2089858483,b0f066a214c2f5e87bad3c948f4d605d) (ScriptedImporter) -> (artifact id: '4ab1268a607c0eb399170003bae5d5fa') in 0.001648243 seconds
Number of updated asset objects reloaded before import = 0Number of asset objects unloaded after import = 1

========================================================================
Received Import Request.
  Time since last request: 0.000024 seconds.
  path: Assets/gnomes/Demo/Scripts/Generated/CameraModule.cs
  artifactKey: Guid(03f669edc94eb3340990d3cf471517d4) Importer(2089858483,b0f066a214c2f5e87bad3c948f4d605d)
Start importing Assets/gnomes/Demo/Scripts/Generated/CameraModule.cs using Guid(03f669edc94eb3340990d3cf471517d4) Importer(2089858483,b0f066a214c2f5e87bad3c948f4d605d) (ScriptedImporter) -> (artifact id: '6a6b621eea67e4e72adbac576a5b0e27') in 0.002021906 seconds
Number of updated asset objects reloaded before import = 0Number of asset objects unloaded after import = 0

========================================================================
Received Import Request.
  Time since last request: 0.000015 seconds.
  path: Assets/gnomes/Utilities/Pooler.cs
  artifactKey: Guid(a4335d1aad1f444d99a035aa61a4d439) Importer(2089858483,b0f066a214c2f5e87bad3c948f4d605d)
Start importing Assets/gnomes/Utilities/Pooler.cs using Guid(a4335d1aad1f444d99a035aa61a4d439) Importer(2089858483,b0f066a214c2f5e87bad3c948f4d605d) (ScriptedImporter) -> (artifact id: '854d4733a8ae5af33719eba4471510c2') in 0.001978306 seconds
Number of updated asset objects reloaded before import = 0Number of asset objects unloaded after import = 0

========================================================================
Received Import Request.
  Time since last request: 0.000013 seconds.
  path: Assets/gnomes/Demo/Settings/InputLinkers/MoveLinker.asset
  artifactKey: Guid(8d93daaf3831a11d289e3fba8879d7eb) Importer(2089858483,b0f066a214c2f5e87bad3c948f4d605d)
Start importing Assets/gnomes/Demo/Settings/InputLinkers/MoveLinker.asset using Guid(8d93daaf3831a11d289e3fba8879d7eb) Importer(2089858483,b0f066a214c2f5e87bad3c948f4d605d) (ScriptedImporter) -> (artifact id: 'defaf5dd96d04bb10d1afd8e04cc8403') in 0.003217905 seconds
Number of updated asset objects reloaded before import = 0Number of asset objects unloaded after import = 1

========================================================================
Received Import Request.
  Time since last request: 0.000014 seconds.
  path: Assets/gnomes/Demo/Settings
  artifactKey: Guid(b370f8ce59767181392e76b0cb285c28) Importer(2089858483,b0f066a214c2f5e87bad3c948f4d605d)
Start importing Assets/gnomes/Demo/Settings using Guid(b370f8ce59767181392e76b0cb285c28) Importer(2089858483,b0f066a214c2f5e87bad3c948f4d605d) (ScriptedImporter) -> (artifact id: '4a551f2d31dd00b7a7b525011da41903') in 0.001689321 seconds
Number of updated asset objects reloaded before import = 0Number of asset objects unloaded after import = 1

========================================================================
Received Import Request.
  Time since last request: 0.000013 seconds.
  path: Assets/gnomes/Demo/Audio Clips/SFX/Blops
  artifactKey: Guid(ad04a48826b4dbebfa3461db9cb1c00f) Importer(2089858483,b0f066a214c2f5e87bad3c948f4d605d)
Start importing Assets/gnomes/Demo/Audio Clips/SFX/Blops using Guid(ad04a48826b4dbebfa3461db9cb1c00f) Importer(2089858483,b0f066a214c2f5e87bad3c948f4d605d) (ScriptedImporter) -> (artifact id: '4b5d3d5871fb8c36bc0ca89ccc620858') in 0.001627396 seconds
Number of updated asset objects reloaded before import = 0Number of asset objects unloaded after import = 1

========================================================================
Received Import Request.
  Time since last request: 0.000017 seconds.
  path: Assets/gnomes/Demo/Demo Scene SFX.unity
  artifactKey: Guid(f3ef25e8f953a60fa941a1dd22c6d761) Importer(2089858483,b0f066a214c2f5e87bad3c948f4d605d)
Start importing Assets/gnomes/Demo/Demo Scene SFX.unity using Guid(f3ef25e8f953a60fa941a1dd22c6d761) Importer(2089858483,b0f066a214c2f5e87bad3c948f4d605d) (ScriptedImporter) -> (artifact id: 'accee086b6ba8908bbcad5db42e64e39') in 0.002843901 seconds
Number of updated asset objects reloaded before import = 0Number of asset objects unloaded after import = 1

========================================================================
Received Import Request.
  Time since last request: 0.000025 seconds.
  path: Assets/gnomes/Demo/Animations
  artifactKey: Guid(f42edb2df35258bf18d9123664bd38d5) Importer(2089858483,b0f066a214c2f5e87bad3c948f4d605d)
Start importing Assets/gnomes/Demo/Animations using Guid(f42edb2df35258bf18d9123664bd38d5) Importer(2089858483,b0f066a214c2f5e87bad3c948f4d605d) (ScriptedImporter) -> (artifact id: '6f46b005b15e360c796d861d05d8c1b0') in 0.001586207 seconds
Number of updated asset objects reloaded before import = 0Number of asset objects unloaded after import = 1

========================================================================
Received Import Request.
  Time since last request: 0.000013 seconds.
  path: Assets/gnomes/_git/packed-refs
  artifactKey: Guid(cf268c03cb5a752f78d79354c1c92cd0) Importer(2089858483,b0f066a214c2f5e87bad3c948f4d605d)
Start importing Assets/gnomes/_git/packed-refs using Guid(cf268c03cb5a752f78d79354c1c92cd0) Importer(2089858483,b0f066a214c2f5e87bad3c948f4d605d) (ScriptedImporter) -> (artifact id: 'e39af00dfbeeba6fac67b92869236428') in 0.001586702 seconds
Number of updated asset objects reloaded before import = 0Number of asset objects unloaded after import = 1

========================================================================
Received Import Request.
  Time since last request: 0.000015 seconds.
  path: Assets/gnomes/Demo/Scripts/GnomesInteractionPrompt.cs
  artifactKey: Guid(301b88e26d374aa609a2bd895f1e144c) Importer(2089858483,b0f066a214c2f5e87bad3c948f4d605d)
Start importing Assets/gnomes/Demo/Scripts/GnomesInteractionPrompt.cs using Guid(301b88e26d374aa609a2bd895f1e144c) Importer(2089858483,b0f066a214c2f5e87bad3c948f4d605d) (ScriptedImporter) -> (artifact id: '4a2b0ec554862bcbb82052720cd5f422') in 0.001904195 seconds
Number of updated asset objects reloaded before import = 0Number of asset objects unloaded after import = 0

========================================================================
Received Import Request.
  Time since last request: 0.000017 seconds.
  path: Assets/gnomes/Actor/Core/Scene/GnomesTransitionCanvas.cs
  artifactKey: Guid(3798389093b354a19be649feb9aaf03b) Importer(2089858483,b0f066a214c2f5e87bad3c948f4d605d)
Start importing Assets/gnomes/Actor/Core/Scene/GnomesTransitionCanvas.cs using Guid(3798389093b354a19be649feb9aaf03b) Importer(2089858483,b0f066a214c2f5e87bad3c948f4d605d) (ScriptedImporter) -> (artifact id: '927b8009d93350ac928c81047488bc2f') in 0.002024647 seconds
Number of updated asset objects reloaded before import = 0Number of asset objects unloaded after import = 0

========================================================================
Received Import Request.
  Time since last request: 0.000013 seconds.
  path: Assets/gnomes/_git/logs/HEAD
  artifactKey: Guid(e11fcf0871a6f201b8bdb879d0734bcb) Importer(2089858483,b0f066a214c2f5e87bad3c948f4d605d)
Start importing Assets/gnomes/_git/logs/HEAD using Guid(e11fcf0871a6f201b8bdb879d0734bcb) Importer(2089858483,b0f066a214c2f5e87bad3c948f4d605d) (ScriptedImporter) -> (artifact id: 'aa6ce1816ef2b385a1d1798cff67d27a') in 0.001687322 seconds
Number of updated asset objects reloaded before import = 0Number of asset objects unloaded after import = 1

========================================================================
Received Import Request.
  Time since last request: 0.000015 seconds.
  path: Assets/gnomes/Demo/Scriptable Objects/Audio/0 Audo Environment.asset
  artifactKey: Guid(fb61d043f9e7d5f43a9383b814c50368) Importer(2089858483,b0f066a214c2f5e87bad3c948f4d605d)
Start importing Assets/gnomes/Demo/Scriptable Objects/Audio/0 Audo Environment.asset using Guid(fb61d043f9e7d5f43a9383b814c50368) Importer(2089858483,b0f066a214c2f5e87bad3c948f4d605d) (ScriptedImporter) -> (artifact id: '940451ce0c2358bf04fed72a18a00a63') in 0.001630984 seconds
Number of updated asset objects reloaded before import = 0Number of asset objects unloaded after import = 1

========================================================================
Received Import Request.
  Time since last request: 0.000013 seconds.
  path: Assets/gnomes/Demo/Settings/InputLinkers
  artifactKey: Guid(00bf7e6168d1f65b2840e2189f6a05f2) Importer(2089858483,b0f066a214c2f5e87bad3c948f4d605d)
Start importing Assets/gnomes/Demo/Settings/InputLinkers using Guid(00bf7e6168d1f65b2840e2189f6a05f2) Importer(2089858483,b0f066a214c2f5e87bad3c948f4d605d) (ScriptedImporter) -> (artifact id: '2339d17ed7d00d840da298216a9a57fc') in 0.00154265 seconds
Number of updated asset objects reloaded before import = 0Number of asset objects unloaded after import = 1

========================================================================
Received Import Request.
  Time since last request: 0.000012 seconds.
  path: Assets/gnomes/_git/objects/pack/pack-a27a6be9eda58116ab27da2d0a41cbe1a9a24e08.pack
  artifactKey: Guid(805d0f45c87c6517cb8c1b5222eacda0) Importer(2089858483,b0f066a214c2f5e87bad3c948f4d605d)
Start importing Assets/gnomes/_git/objects/pack/pack-a27a6be9eda58116ab27da2d0a41cbe1a9a24e08.pack using Guid(805d0f45c87c6517cb8c1b5222eacda0) Importer(2089858483,b0f066a214c2f5e87bad3c948f4d605d) (ScriptedImporter) -> (artifact id: '963c927ebc56a87f2b3773f9bc47f3a1') in 0.001635508 seconds
Number of updated asset objects reloaded before import = 0Number of asset objects unloaded after import = 1

========================================================================
Received Import Request.
  Time since last request: 0.000011 seconds.
  path: Assets/gnomes/Demo/Audio Clips/Music Tracks/Gymnopédie No.1.ogg
  artifactKey: Guid(09c9f496de4ca0071a0489fc544eba2b) Importer(2089858483,b0f066a214c2f5e87bad3c948f4d605d)
Start importing Assets/gnomes/Demo/Audio Clips/Music Tracks/Gymnopédie No.1.ogg using Guid(09c9f496de4ca0071a0489fc544eba2b) Importer(2089858483,b0f066a214c2f5e87bad3c948f4d605d) (ScriptedImporter) -> (artifact id: 'a0f6b9ade17a8daadb284ec9d610c563') in 0.020153711 seconds
Number of updated asset objects reloaded before import = 0Number of asset objects unloaded after import = 1

========================================================================
Received Import Request.
  Time since last request: 0.000015 seconds.
  path: Assets/gnomes/Demo/Audio Clips/SFX/FootStep/Retro FootStep Gravel 01.wav
  artifactKey: Guid(ebf5851910543f3edb5f6b79c724147f) Importer(2089858483,b0f066a214c2f5e87bad3c948f4d605d)
Start importing Assets/gnomes/Demo/Audio Clips/SFX/FootStep/Retro FootStep Gravel 01.wav using Guid(ebf5851910543f3edb5f6b79c724147f) Importer(2089858483,b0f066a214c2f5e87bad3c948f4d605d) (ScriptedImporter) -> (artifact id: 'a8cf3c32eeb345dd7613864f6ed47bd7') in 0.019134222 seconds
Number of updated asset objects reloaded before import = 0Number of asset objects unloaded after import = 1

========================================================================
Received Import Request.
  Time since last request: 0.000019 seconds.
  path: Assets/gnomes/Demo/Animations/Main Camera Root.controller
  artifactKey: Guid(8c1699d461caa0ed2a2827dbaa18aea9) Importer(2089858483,b0f066a214c2f5e87bad3c948f4d605d)
Start importing Assets/gnomes/Demo/Animations/Main Camera Root.controller using Guid(8c1699d461caa0ed2a2827dbaa18aea9) Importer(2089858483,b0f066a214c2f5e87bad3c948f4d605d) (ScriptedImporter) -> (artifact id: '720d4427e7e8ab9e5b71eb4fecec16c0') in 0.002547694 seconds
Number of updated asset objects reloaded before import = 0Number of asset objects unloaded after import = 3

========================================================================
Received Import Request.
  Time since last request: 0.000013 seconds.
  path: Assets/gnomes/Demo/Materials/Audio Zone Material (0) 1.mat
  artifactKey: Guid(39f541f92eb77e586acf1b269033f383) Importer(2089858483,b0f066a214c2f5e87bad3c948f4d605d)
Start importing Assets/gnomes/Demo/Materials/Audio Zone Material (0) 1.mat using Guid(39f541f92eb77e586acf1b269033f383) Importer(2089858483,b0f066a214c2f5e87bad3c948f4d605d) (ScriptedImporter) -> (artifact id: 'a6ba4b258b131503ff67ed7664038fec') in 0.002669894 seconds
Number of updated asset objects reloaded before import = 0Number of asset objects unloaded after import = 1

========================================================================
Received Import Request.
  Time since last request: 0.000013 seconds.
  path: Assets/gnomes/Demo/Scriptable Objects/Brains/Demo Empty Interaction Brain.asset
  artifactKey: Guid(59b104d025d7bfcd48f4953621c77122) Importer(2089858483,b0f066a214c2f5e87bad3c948f4d605d)
Start importing Assets/gnomes/Demo/Scriptable Objects/Brains/Demo Empty Interaction Brain.asset using Guid(59b104d025d7bfcd48f4953621c77122) Importer(2089858483,b0f066a214c2f5e87bad3c948f4d605d) (ScriptedImporter) -> (artifact id: '6160b06fbc4f77fe4ddb541bec4246aa') in 0.001590309 seconds
Number of updated asset objects reloaded before import = 0Number of asset objects unloaded after import = 1

========================================================================
Received Import Request.
  Time since last request: 0.000012 seconds.
  path: Assets/gnomes/_git/logs/refs/remotes/origin/main
  artifactKey: Guid(6f7a5f6d047e50e3abbd199976d9cd9b) Importer(2089858483,b0f066a214c2f5e87bad3c948f4d605d)
Start importing Assets/gnomes/_git/logs/refs/remotes/origin/main using Guid(6f7a5f6d047e50e3abbd199976d9cd9b) Importer(2089858483,b0f066a214c2f5e87bad3c948f4d605d) (ScriptedImporter) -> (artifact id: '0804fff9de786c4906cd275f10039243') in 0.001605759 seconds
Number of updated asset objects reloaded before import = 0Number of asset objects unloaded after import = 1

========================================================================
Received Import Request.
  Time since last request: 0.000010 seconds.
  path: Assets/gnomes/_git/info
  artifactKey: Guid(1b5371f5fe1ec9caf8ad458b0df3053f) Importer(2089858483,b0f066a214c2f5e87bad3c948f4d605d)
Start importing Assets/gnomes/_git/info using Guid(1b5371f5fe1ec9caf8ad458b0df3053f) Importer(2089858483,b0f066a214c2f5e87bad3c948f4d605d) (ScriptedImporter) -> (artifact id: 'e507f513d0231ba1925e7e433a168f94') in 0.001571374 seconds
Number of updated asset objects reloaded before import = 0Number of asset objects unloaded after import = 1

========================================================================
Received Import Request.
  Time since last request: 0.000013 seconds.
  path: Assets/gnomes/Demo/Audio Clips/SFX/FootStep/Retro FootStep Metal 01.wav
  artifactKey: Guid(dcb5c9e1d63c85d6abb87b6ec513e0fe) Importer(2089858483,b0f066a214c2f5e87bad3c948f4d605d)
Start importing Assets/gnomes/Demo/Audio Clips/SFX/FootStep/Retro FootStep Metal 01.wav using Guid(dcb5c9e1d63c85d6abb87b6ec513e0fe) Importer(2089858483,b0f066a214c2f5e87bad3c948f4d605d) (ScriptedImporter) -> (artifact id: 'c796fa9267759bcf83e167601232e761') in 0.019615499 seconds
Number of updated asset objects reloaded before import = 0Number of asset objects unloaded after import = 1

========================================================================
Received Import Request.
  Time since last request: 0.000012 seconds.
  path: Assets/gnomes/Demo/Materials/Audio Zone Material (0) 2.mat
  artifactKey: Guid(a5b1ae50e684c6bb9a1c3d6510715b79) Importer(2089858483,b0f066a214c2f5e87bad3c948f4d605d)
Start importing Assets/gnomes/Demo/Materials/Audio Zone Material (0) 2.mat using Guid(a5b1ae50e684c6bb9a1c3d6510715b79) Importer(2089858483,b0f066a214c2f5e87bad3c948f4d605d) (ScriptedImporter) -> (artifact id: 'dc24a0e678553028e19d53411deb1d52') in 0.002640696 seconds
Number of updated asset objects reloaded before import = 0Number of asset objects unloaded after import = 1

========================================================================
Received Import Request.
  Time since last request: 0.000010 seconds.
  path: Assets/gnomes/docs/getting-started.md
  artifactKey: Guid(902689fc6cf3d12cba7e91f3d4888b26) Importer(2089858483,b0f066a214c2f5e87bad3c948f4d605d)
Start importing Assets/gnomes/docs/getting-started.md using Guid(902689fc6cf3d12cba7e91f3d4888b26) Importer(2089858483,b0f066a214c2f5e87bad3c948f4d605d) (ScriptedImporter) -> (artifact id: 'abbac682d7c4053a9a8e892e6273c3e6') in 0.001547554 seconds
Number of updated asset objects reloaded before import = 0Number of asset objects unloaded after import = 1

========================================================================
Received Import Request.
  Time since last request: 0.000014 seconds.
  path: Assets/gnomes/_git/hooks/pre-merge-commit.sample
  artifactKey: Guid(5cdcc1ac545b68748a73a690a8a60714) Importer(2089858483,b0f066a214c2f5e87bad3c948f4d605d)
Start importing Assets/gnomes/_git/hooks/pre-merge-commit.sample using Guid(5cdcc1ac545b68748a73a690a8a60714) Importer(2089858483,b0f066a214c2f5e87bad3c948f4d605d) (ScriptedImporter) -> (artifact id: '999bda58e18680fae929a9a62d0f93a2') in 0.001594079 seconds
Number of updated asset objects reloaded before import = 0Number of asset objects unloaded after import = 1

========================================================================
Received Import Request.
  Time since last request: 0.000017 seconds.
  path: Assets/gnomes/Actor/Core
  artifactKey: Guid(599938b74f1f6435abae2ccbe0471426) Importer(2089858483,b0f066a214c2f5e87bad3c948f4d605d)
Start importing Assets/gnomes/Actor/Core using Guid(599938b74f1f6435abae2ccbe0471426) Importer(2089858483,b0f066a214c2f5e87bad3c948f4d605d) (ScriptedImporter) -> (artifact id: 'a22ceb9af6e0b12b1807584ed5ead210') in 0.0015175 seconds
Number of updated asset objects reloaded before import = 0Number of asset objects unloaded after import = 1

========================================================================
Received Import Request.
  Time since last request: 0.000022 seconds.
  path: Assets/gnomes/Actor/Core/Scene/GnomesSpawnPoint.cs
  artifactKey: Guid(a51c6e8ec1685ef3ab2a1387ece61b7d) Importer(2089858483,b0f066a214c2f5e87bad3c948f4d605d)
Start importing Assets/gnomes/Actor/Core/Scene/GnomesSpawnPoint.cs using Guid(a51c6e8ec1685ef3ab2a1387ece61b7d) Importer(2089858483,b0f066a214c2f5e87bad3c948f4d605d) (ScriptedImporter) -> (artifact id: '2116493a73f82a0b5ff8c075798fdf5f') in 0.001875013 seconds
Number of updated asset objects reloaded before import = 0Number of asset objects unloaded after import = 0

========================================================================
Received Import Request.
  Time since last request: 0.000012 seconds.
  path: Assets/gnomes/Editor/GnomeInspect.cs
  artifactKey: Guid(d59ad79519949eb3499a483dfffd0626) Importer(2089858483,b0f066a214c2f5e87bad3c948f4d605d)
Start importing Assets/gnomes/Editor/GnomeInspect.cs using Guid(d59ad79519949eb3499a483dfffd0626) Importer(2089858483,b0f066a214c2f5e87bad3c948f4d605d) (ScriptedImporter) -> (artifact id: '74e6b09d09277464df9cbe36dabed3d2') in 0.001834594 seconds
Number of updated asset objects reloaded before import = 0Number of asset objects unloaded after import = 0

========================================================================
Received Import Request.
  Time since last request: 0.000013 seconds.
  path: Assets/gnomes/Audio/GnomesAudioEnvironment.cs
  artifactKey: Guid(176ae7c2329272e0baca419b7a3fb8fe) Importer(2089858483,b0f066a214c2f5e87bad3c948f4d605d)
Start importing Assets/gnomes/Audio/GnomesAudioEnvironment.cs using Guid(176ae7c2329272e0baca419b7a3fb8fe) Importer(2089858483,b0f066a214c2f5e87bad3c948f4d605d) (ScriptedImporter) -> (artifact id: '1a3a08572061b62633ac6aac8dbd2a58') in 0.001805107 seconds
Number of updated asset objects reloaded before import = 0Number of asset objects unloaded after import = 0

========================================================================
Received Import Request.
  Time since last request: 0.000015 seconds.
  path: Assets/gnomes/Input/IntentValue.cs
  artifactKey: Guid(38abccfea14bc9035889b35052117204) Importer(2089858483,b0f066a214c2f5e87bad3c948f4d605d)
Start importing Assets/gnomes/Input/IntentValue.cs using Guid(38abccfea14bc9035889b35052117204) Importer(2089858483,b0f066a214c2f5e87bad3c948f4d605d) (ScriptedImporter) -> (artifact id: 'c7117a9143ac371d94eb0315fa3d7a4e') in 0.001693851 seconds
Number of updated asset objects reloaded before import = 0Number of asset objects unloaded after import = 0

========================================================================
Received Import Request.
  Time since last request: 0.000012 seconds.
  path: Assets/gnomes/Actor/Serialization/GnomesSavePayload.cs
  artifactKey: Guid(d1b56e04cef1e02cc8c300360c57b2ff) Importer(2089858483,b0f066a214c2f5e87bad3c948f4d605d)
Start importing Assets/gnomes/Actor/Serialization/GnomesSavePayload.cs using Guid(d1b56e04cef1e02cc8c300360c57b2ff) Importer(2089858483,b0f066a214c2f5e87bad3c948f4d605d) (ScriptedImporter) -> (artifact id: '0b6095b448e213e2971c2e933b205577') in 0.001783402 seconds
Number of updated asset objects reloaded before import = 0Number of asset objects unloaded after import = 0

========================================================================
Received Import Request.
  Time since last request: 0.000012 seconds.
  path: Assets/gnomes/_git/hooks/pre-push.sample
  artifactKey: Guid(485fe2d69f9407f1888edf747cefb158) Importer(2089858483,b0f066a214c2f5e87bad3c948f4d605d)
Start importing Assets/gnomes/_git/hooks/pre-push.sample using Guid(485fe2d69f9407f1888edf747cefb158) Importer(2089858483,b0f066a214c2f5e87bad3c948f4d605d) (ScriptedImporter) -> (artifact id: '8ab529de0a450501f82e6cfa344df4a1') in 0.001606056 seconds
Number of updated asset objects reloaded before import = 0Number of asset objects unloaded after import = 1

========================================================================
Received Import Request.
  Time since last request: 0.000011 seconds.
  path: Assets/gnomes/Actor/Serialization
  artifactKey: Guid(75902cb6da8dda3efa96190a6cf68ca6) Importer(2089858483,b0f066a214c2f5e87bad3c948f4d605d)
Start importing Assets/gnomes/Actor/Serialization using Guid(75902cb6da8dda3efa96190a6cf68ca6) Importer(2089858483,b0f066a214c2f5e87bad3c948f4d605d) (ScriptedImporter) -> (artifact id: '04d13b1031825e4970e1041e499c831b') in 0.001541632 seconds
Number of updated asset objects reloaded before import = 0Number of asset objects unloaded after import = 1

========================================================================
Received Import Request.
  Time since last request: 0.000012 seconds.
  path: Assets/gnomes/Demo/Scriptable Objects/Audio/1 Music Track.asset
  artifactKey: Guid(7785da146681edb2083d82813d5f846d) Importer(2089858483,b0f066a214c2f5e87bad3c948f4d605d)
Start importing Assets/gnomes/Demo/Scriptable Objects/Audio/1 Music Track.asset using Guid(7785da146681edb2083d82813d5f846d) Importer(2089858483,b0f066a214c2f5e87bad3c948f4d605d) (ScriptedImporter) -> (artifact id: 'b99e368665b5a0cff9bb30ce65198777') in 0.001550736 seconds
Number of updated asset objects reloaded before import = 0Number of asset objects unloaded after import = 1

========================================================================
Received Import Request.
  Time since last request: 0.000013 seconds.
  path: Assets/gnomes/docs/docfx.json
  artifactKey: Guid(42fbf0f00fc4fe7779185f1511c1c1db) Importer(2089858483,b0f066a214c2f5e87bad3c948f4d605d)
Start importing Assets/gnomes/docs/docfx.json using Guid(42fbf0f00fc4fe7779185f1511c1c1db) Importer(2089858483,b0f066a214c2f5e87bad3c948f4d605d) (ScriptedImporter) -> (artifact id: 'a125153645d117b80bf11f1668ae54b3') in 0.001591697 seconds
Number of updated asset objects reloaded before import = 0Number of asset objects unloaded after import = 1

========================================================================
Received Import Request.
  Time since last request: 0.000011 seconds.
  path: Assets/gnomes/_DS_Store
  artifactKey: Guid(efb0d7fd3ab2e3149b293ffd211a02f2) Importer(2089858483,b0f066a214c2f5e87bad3c948f4d605d)
Start importing Assets/gnomes/_DS_Store using Guid(efb0d7fd3ab2e3149b293ffd211a02f2) Importer(2089858483,b0f066a214c2f5e87bad3c948f4d605d) (ScriptedImporter) -> (artifact id: '116a02bbf1fef8be531342f5dab58fb5') in 0.001533661 seconds
Number of updated asset objects reloaded before import = 0Number of asset objects unloaded after import = 1

========================================================================
Received Import Request.
  Time since last request: 0.000016 seconds.
  path: Assets/gnomes/Actor/Core/ActorBehavior.cs
  artifactKey: Guid(ddd916ee53d771ba8a7de10b55043558) Importer(2089858483,b0f066a214c2f5e87bad3c948f4d605d)
Start importing Assets/gnomes/Actor/Core/ActorBehavior.cs using Guid(ddd916ee53d771ba8a7de10b55043558) Importer(2089858483,b0f066a214c2f5e87bad3c948f4d605d) (ScriptedImporter) -> (artifact id: 'a8fa9c3e60a8e5040f7380f4600c580d') in 0.001819829 seconds
Number of updated asset objects reloaded before import = 0Number of asset objects unloaded after import = 0

========================================================================
Received Import Request.
  Time since last request: 0.000019 seconds.
  path: Assets/gnomes/Demo/Scriptable Objects/Audio/2 Audo Environment.asset
  artifactKey: Guid(d816d0df26b4bc628a82128725ca659e) Importer(2089858483,b0f066a214c2f5e87bad3c948f4d605d)
Start importing Assets/gnomes/Demo/Scriptable Objects/Audio/2 Audo Environment.asset using Guid(d816d0df26b4bc628a82128725ca659e) Importer(2089858483,b0f066a214c2f5e87bad3c948f4d605d) (ScriptedImporter) -> (artifact id: '9cf6c395a26563828e712bd7e1e56763') in 0.001561722 seconds
Number of updated asset objects reloaded before import = 0Number of asset objects unloaded after import = 1

========================================================================
Received Import Request.
  Time since last request: 0.000014 seconds.
  path: Assets/gnomes/Actor/Core/Scene/GnomesSceneTrigger.cs
  artifactKey: Guid(cc19cbbf4de22a6caa0e490ee9c1bc7f) Importer(2089858483,b0f066a214c2f5e87bad3c948f4d605d)
Start importing Assets/gnomes/Actor/Core/Scene/GnomesSceneTrigger.cs using Guid(cc19cbbf4de22a6caa0e490ee9c1bc7f) Importer(2089858483,b0f066a214c2f5e87bad3c948f4d605d) (ScriptedImporter) -> (artifact id: '02c7e0424838e3f800fe8141826729da') in 0.001863334 seconds
Number of updated asset objects reloaded before import = 0Number of asset objects unloaded after import = 0

========================================================================
Received Import Request.
  Time since last request: 0.000014 seconds.
  path: Assets/gnomes/Demo/Scripts/Generated
  artifactKey: Guid(d91137c9ed056bf27b4ee9849127d6ad) Importer(2089858483,b0f066a214c2f5e87bad3c948f4d605d)
Start importing Assets/gnomes/Demo/Scripts/Generated using Guid(d91137c9ed056bf27b4ee9849127d6ad) Importer(2089858483,b0f066a214c2f5e87bad3c948f4d605d) (ScriptedImporter) -> (artifact id: 'ed2a24aef5b1a4534c6b83b07b618926') in 0.00149046 seconds
Number of updated asset objects reloaded before import = 0Number of asset objects unloaded after import = 1

========================================================================
Received Import Request.
  Time since last request: 0.000011 seconds.
  path: Assets/gnomes/Demo/Audio Clips/Music Tracks/Minuet (Slower).ogg
  artifactKey: Guid(c954517af30de1185b51e8c8de14ae16) Importer(2089858483,b0f066a214c2f5e87bad3c948f4d605d)
Start importing Assets/gnomes/Demo/Audio Clips/Music Tracks/Minuet (Slower).ogg using Guid(c954517af30de1185b51e8c8de14ae16) Importer(2089858483,b0f066a214c2f5e87bad3c948f4d605d) (ScriptedImporter) -> (artifact id: '22c5d342f28d90d9362316f085e4a499') in 0.01929745 seconds
Number of updated asset objects reloaded before import = 0Number of asset objects unloaded after import = 1

========================================================================
Received Import Request.
  Time since last request: 0.000009 seconds.
  path: Assets/gnomes/Demo/Scripts/DummySfxPlayer.cs
  artifactKey: Guid(36f48d349ec611831a6fef09306e15d1) Importer(2089858483,b0f066a214c2f5e87bad3c948f4d605d)
Start importing Assets/gnomes/Demo/Scripts/DummySfxPlayer.cs using Guid(36f48d349ec611831a6fef09306e15d1) Importer(2089858483,b0f066a214c2f5e87bad3c948f4d605d) (ScriptedImporter) -> (artifact id: 'ad9122c97ce5b45a551408abd05ddc77') in 0.001329476 seconds
Number of updated asset objects reloaded before import = 0Number of asset objects unloaded after import = 0

========================================================================
Received Prepare
Refreshing native plugins compatible for Editor in 0.28 ms, found 0 plugins.
Preloading 0 native plugins for Editor in 0.00 ms.
Unloading 16 Unused Serialized files (Serialized files now loaded: 0)
Unloading 6499 unused Assets / (3.7 MB). Loaded Objects now: 7327.
Memory consumption went from 146.5 MB to 142.8 MB.
Total: 6.947328 ms (FindLiveObjects: 0.377244 ms CreateObjectMapping: 0.253202 ms MarkObjects: 5.051708 ms  DeleteObjects: 1.264341 ms)

Prepare: number of updated asset objects reloaded= 0
========================================================================
Received Prepare
Begin MonoManager ReloadAssembly
[Licensing::Client] Successfully resolved entitlement details
- Loaded All Assemblies, in  0.482 seconds
Refreshing native plugins compatible for Editor in 0.24 ms, found 0 plugins.
Native extension for LinuxStandalone target not found
[Package Manager] Failed to launch server process. Reason: Unity was launched with the -noUpm command-line argument
[Package Manager] Unable to send message (not connected to server process).
[Package Manager] Cannot connect to Unity Package Manager local server
[Package Manager] Failed to launch server process. Reason: Unity was launched with the -noUpm command-line argument
[Package Manager] Unable to send message (not connected to server process).
[Package Manager] Cannot connect to Unity Package Manager local server
Native extension for WindowsStandalone target not found
Native extension for WebGL target not found
[Package Manager] Failed to launch server process. Reason: Unity was launched with the -noUpm command-line argument
[Package Manager] Unable to send message (not connected to server process).
[Package Manager] Cannot connect to Unity Package Manager local server
Refreshing native plugins compatible for Editor in 0.32 ms, found 0 plugins.
[Package Manager] Failed to launch server process. Reason: Unity was launched with the -noUpm command-line argument
[Package Manager] Unable to send message (not connected to server process).
[Package Manager] Cannot connect to Unity Package Manager local server
ScheduleIndexationOnStartup MainProcess:False IndexOnStartup:True
Mono: successfully reloaded assembly
- Finished resetting the current domain, in  0.419 seconds
Domain Reload Profiling: 903ms
	BeginReloadAssembly (118ms)
		ExecutionOrderSort (0ms)
		DisableScriptedObjects (3ms)
		BackupInstance (0ms)
		ReleaseScriptingObjects (0ms)
		CreateAndSetChildDomain (44ms)
	RebuildCommonClasses (24ms)
	RebuildNativeTypeToScriptingClass (6ms)
	initialDomainReloadingComplete (16ms)
	LoadAllAssembliesAndSetupDomain (320ms)
		LoadAssemblies (227ms)
		RebuildTransferFunctionScriptingTraits (0ms)
		AnalyzeDomain (125ms)
			TypeCache.Refresh (10ms)
				TypeCache.ScanAssembly (1ms)
			BuildScriptInfoCaches (107ms)
			ResolveRequiredComponents (6ms)
	FinalizeReload (419ms)
		ReleaseScriptCaches (0ms)
		RebuildScriptCaches (0ms)
		SetupLoadedEditorAssemblies (311ms)
			LogAssemblyErrors (0ms)
			InitializePlatformSupportModulesInManaged (7ms)
			SetLoadedEditorAssemblies (2ms)
			BeforeProcessingInitializeOnLoad (88ms)
			ProcessInitializeOnLoadAttributes (173ms)
			ProcessInitializeOnLoadMethodAttributes (38ms)
			AfterProcessingInitializeOnLoad (2ms)
			EditorAssembliesLoaded (0ms)
		ExecutionOrderSort2 (0ms)
		AwakeInstancesAfterBackupRestoration (8ms)
Refreshing native plugins compatible for Editor in 0.30 ms, found 0 plugins.
Preloading 0 native plugins for Editor in 0.00 ms.
Unloading 16 Unused Serialized files (Serialized files now loaded: 0)
Unloading 6509 unused Assets / (4.2 MB). Loaded Objects now: 7330.
Memory consumption went from 147.8 MB to 143.6 MB.
Total: 9.369566 ms (FindLiveObjects: 0.628593 ms CreateObjectMapping: 0.226552 ms MarkObjects: 6.832114 ms  DeleteObjects: 1.681323 ms)

Prepare: number of updated asset objects reloaded= 0
========================================================================
Received Prepare
Refreshing native plugins compatible for Editor in 0.71 ms, found 0 plugins.
Preloading 0 native plugins for Editor in 0.00 ms.
Unloading 16 Unused Serialized files (Serialized files now loaded: 0)
Unloading 6498 unused Assets / (4.8 MB). Loaded Objects now: 7330.
Memory consumption went from 148.0 MB to 143.2 MB.
Total: 9.748600 ms (FindLiveObjects: 0.479682 ms CreateObjectMapping: 0.904825 ms MarkObjects: 6.003623 ms  DeleteObjects: 2.359304 ms)

Prepare: number of updated asset objects reloaded= 0
========================================================================
Received Prepare
Refreshing native plugins compatible for Editor in 0.26 ms, found 0 plugins.
Preloading 0 native plugins for Editor in 0.00 ms.
Unloading 16 Unused Serialized files (Serialized files now loaded: 0)
Unloading 6499 unused Assets / (5.0 MB). Loaded Objects now: 7331.
Memory consumption went from 148.0 MB to 143.0 MB.
Total: 9.558699 ms (FindLiveObjects: 0.366173 ms CreateObjectMapping: 0.698253 ms MarkObjects: 6.311482 ms  DeleteObjects: 2.181961 ms)

Prepare: number of updated asset objects reloaded= 0
Editor requested this worker to shutdown with reason: Scaling down because of idle timeout
AssetImportWorker is now disconnected from the server
Process exiting

SDL leaked 2 allocations
